<?xml version="1.0" encoding="UTF-8"?>
<beans xmlns="http://www.springframework.org/schema/beans"
	xmlns:xsi="http://www.w3.org/2001/XMLSchema-instance"
	xmlns:context="http://www.springframework.org/schema/context"
	xmlns:aop="http://www.springframework.org/schema/aop"

	xsi:schemaLocation="http://www.springframework.org/schema/beans
           http://www.springframework.org/schema/beans/spring-beans-3.2.xsd
           http://www.springframework.org/schema/context
           http://www.springframework.org/schema/context/spring-context-3.2.xsd
           http://www.springframework.org/schema/aop
           http://www.springframework.org/schema/aop/spring-aop-3.2.xsd
           ">
	<!-- Di -->
	<context:annotation-config/>
	<!-- IOC -->
	<context:component-scan base-package="dao,service"/>
	
	
	<!-- dao -->
	<bean id="iEmployeeDao" class="dao.impl.IEmployeeDaoimpl"></bean>

	<!-- 事务管理器 -->
	<bean id="txManager" class="tx.txManager" />

	<!-- service配置 -->
	
	<bean id="iEmployeeService" class="service.impl.IEmployeeServlceimpl">
	<property name="dao" ref="iEmployeeDao"></property>
	</bean>


													<!-- 底层为动态代理 -->
										<!-- 如果使用 CGLIB开发模式  为true   默认为jdk方式 false-->
														
	<aop:config proxy-target-class="false">
	<!-- 配置AOP切面 -->
	
	<!-- 关联什么包 -->  
	<aop:aspect ref="txManager">
	
	<!--对那些地方做增强  -->
	<aop:pointcut id="txpoint" expression="execution(* service.*Service.*(..))" />
	
	<!--什么时候做增强  --><!-- 在某个地方做增强前引用前面 --><!-- throwing="ex" 给java代码打印异常信息 -->
	<!-- <aop:before method="begin" pointcut-ref="txpoint" />    
	<aop:after-returning method="commit" pointcut-ref="txpoint"/>
	<aop:after-throwing method="back"  pointcut-ref="txpoint" throwing="ex"/>    
	<aop:after method="close" pointcut-ref="txpoint"/>
	 -->
	 <aop:around method="around" pointcut-ref="txpoint"/>
	<!-- <aop:around method=""/> 环绕增强 -->
		</aop:aspect>
	</aop:config>
	
	
	

</beans>